<?xml version="1.0" encoding="UTF-8"?>
<!-- Generated by org.testng.reporters.JUnitReportReporter -->
<testsuite hostname="DESKTOP-JRAVQ96" failures="0" tests="1" name="com.nation.qa.testcases.LeadsTest" time="9.576" errors="0" timestamp="2024-05-17T19:44:32 IST" skipped="0">
  <testcase classname="com.nation.qa.testcases.LeadsTest" name="Validate_By_Going_TO_lead_Page_and_Search_Lead_and_Print" time="9.576"/>
</testsuite> <!-- com.nation.qa.testcases.LeadsTest -->
